c:\users\ong\desktop\ai-framework\dm2231_framework\base\debug\vc120.pdb
c:\users\ong\desktop\ai-framework\dm2231_framework\base\debug\vc120.idb
c:\users\ong\desktop\ai-framework\dm2231_framework\base\debug\application.obj
c:\users\ong\desktop\ai-framework\dm2231_framework\base\debug\camera.obj
c:\users\ong\desktop\ai-framework\dm2231_framework\base\debug\camera3.obj
c:\users\ong\desktop\ai-framework\dm2231_framework\base\debug\chef.obj
c:\users\ong\desktop\ai-framework\dm2231_framework\base\debug\customer.obj
c:\users\ong\desktop\ai-framework\dm2231_framework\base\debug\gameobject.obj
c:\users\ong\desktop\ai-framework\dm2231_framework\base\debug\waitress.obj
c:\users\ong\desktop\ai-framework\dm2231_framework\base\debug\worldobj.obj
c:\users\ong\desktop\ai-framework\dm2231_framework\base\debug\loadhmap.obj
c:\users\ong\desktop\ai-framework\dm2231_framework\base\debug\loadobj.obj
c:\users\ong\desktop\ai-framework\dm2231_framework\base\debug\loadtga.obj
c:\users\ong\desktop\ai-framework\dm2231_framework\base\debug\main.obj
c:\users\ong\desktop\ai-framework\dm2231_framework\base\debug\mesh.obj
c:\users\ong\desktop\ai-framework\dm2231_framework\base\debug\meshbuilder.obj
c:\users\ong\desktop\ai-framework\dm2231_framework\base\debug\sceneai.obj
c:\users\ong\desktop\ai-framework\dm2231_framework\base\debug\shader.obj
c:\users\ong\desktop\ai-framework\dm2231_framework\base\debug\spriteanimation.obj
c:\users\ong\desktop\ai-framework\dm2231_framework\base\debug\utility.obj
c:\users\ong\desktop\ai-framework\dm2231_framework\debug\base.exe
c:\users\ong\desktop\ai-framework\dm2231_framework\debug\base.pdb
c:\users\ong\desktop\ai-framework\dm2231_framework\base\debug\base.tlog\cl.command.1.tlog
c:\users\ong\desktop\ai-framework\dm2231_framework\base\debug\base.tlog\cl.read.1.tlog
c:\users\ong\desktop\ai-framework\dm2231_framework\base\debug\base.tlog\cl.write.1.tlog
c:\users\ong\desktop\ai-framework\dm2231_framework\base\debug\base.tlog\link.command.1.tlog
c:\users\ong\desktop\ai-framework\dm2231_framework\base\debug\base.tlog\link.read.1.tlog
c:\users\ong\desktop\ai-framework\dm2231_framework\base\debug\base.tlog\link.write.1.tlog
