  SceneAI.cpp
c:\users\ong\desktop\ai-framework\dm2231_framework\base\source\sceneai.cpp(125): error C2065: 'GEO_DISHES' : undeclared identifier
c:\users\ong\desktop\ai-framework\dm2231_framework\base\source\sceneai.cpp(175): warning C4244: '=' : conversion from 'unsigned int' to 'float', possible loss of data
c:\users\ong\desktop\ai-framework\dm2231_framework\base\source\sceneai.cpp(376): warning C4244: 'initializing' : conversion from 'float' to 'int', possible loss of data
c:\users\ong\desktop\ai-framework\dm2231_framework\base\source\sceneai.cpp(392): warning C4244: '+=' : conversion from 'double' to 'float', possible loss of data
c:\users\ong\desktop\ai-framework\dm2231_framework\base\source\sceneai.cpp(647): error C2065: 'GEO_DISHES' : undeclared identifier
c:\users\ong\desktop\ai-framework\dm2231_framework\base\source\sceneai.cpp(653): error C2065: 'GEO_DISHES' : undeclared identifier
c:\users\ong\desktop\ai-framework\dm2231_framework\base\source\sceneai.cpp(1007): warning C4244: '+=' : conversion from 'double' to 'float', possible loss of data
c:\users\ong\desktop\ai-framework\dm2231_framework\base\source\sceneai.cpp(1011): warning C4244: '-=' : conversion from 'double' to 'float', possible loss of data
c:\users\ong\desktop\ai-framework\dm2231_framework\base\source\sceneai.cpp(1018): warning C4244: '+=' : conversion from 'double' to 'float', possible loss of data
c:\users\ong\desktop\ai-framework\dm2231_framework\base\source\sceneai.cpp(1022): warning C4244: '-=' : conversion from 'double' to 'float', possible loss of data
c:\users\ong\desktop\ai-framework\dm2231_framework\base\source\sceneai.cpp(1032): warning C4244: '+=' : conversion from 'double' to 'float', possible loss of data
c:\users\ong\desktop\ai-framework\dm2231_framework\base\source\sceneai.cpp(1036): warning C4244: '-=' : conversion from 'double' to 'float', possible loss of data
c:\users\ong\desktop\ai-framework\dm2231_framework\base\source\sceneai.cpp(1043): warning C4244: '+=' : conversion from 'double' to 'float', possible loss of data
c:\users\ong\desktop\ai-framework\dm2231_framework\base\source\sceneai.cpp(1047): warning C4244: '-=' : conversion from 'double' to 'float', possible loss of data
c:\users\ong\desktop\ai-framework\dm2231_framework\base\source\sceneai.cpp(1325): warning C4244: 'argument' : conversion from 'int' to 'float', possible loss of data
c:\users\ong\desktop\ai-framework\dm2231_framework\base\source\sceneai.cpp(1499): warning C4244: 'argument' : conversion from 'int' to 'float', possible loss of data
c:\users\ong\desktop\ai-framework\dm2231_framework\base\source\sceneai.cpp(1685): error C2039: 'startToCook' : is not a member of 'Chef'
          c:\users\ong\desktop\ai-framework\dm2231_framework\base\source\gameasset\chef.h(6) : see declaration of 'Chef'
c:\users\ong\desktop\ai-framework\dm2231_framework\base\source\sceneai.cpp(1687): error C2039: 'startToCook' : is not a member of 'Chef'
          c:\users\ong\desktop\ai-framework\dm2231_framework\base\source\gameasset\chef.h(6) : see declaration of 'Chef'
c:\users\ong\desktop\ai-framework\dm2231_framework\base\source\sceneai.cpp(1692): error C2039: 'startToCook' : is not a member of 'Chef'
          c:\users\ong\desktop\ai-framework\dm2231_framework\base\source\gameasset\chef.h(6) : see declaration of 'Chef'
  Chef.cpp
c:\users\ong\desktop\ai-framework\dm2231_framework\base\source\gameasset\chef.cpp(11): error C2065: 'timer' : undeclared identifier
c:\users\ong\desktop\ai-framework\dm2231_framework\base\source\gameasset\chef.cpp(12): error C2065: 'timerLimit' : undeclared identifier
c:\users\ong\desktop\ai-framework\dm2231_framework\base\source\gameasset\chef.cpp(13): error C2065: 'startToCook' : undeclared identifier
c:\users\ong\desktop\ai-framework\dm2231_framework\base\source\gameasset\chef.cpp(74): error C2065: 'timerLimit' : undeclared identifier
c:\users\ong\desktop\ai-framework\dm2231_framework\base\source\gameasset\chef.cpp(94): error C2059: syntax error : 'if'
c:\users\ong\desktop\ai-framework\dm2231_framework\base\source\gameasset\chef.cpp(95): error C2143: syntax error : missing ';' before '{'
c:\users\ong\desktop\ai-framework\dm2231_framework\base\source\gameasset\chef.cpp(95): error C2447: '{' : missing function header (old-style formal list?)
c:\users\ong\desktop\ai-framework\dm2231_framework\base\source\gameasset\chef.cpp(100): error C2059: syntax error : '}'
c:\users\ong\desktop\ai-framework\dm2231_framework\base\source\gameasset\chef.cpp(100): error C2143: syntax error : missing ';' before '}'
c:\users\ong\desktop\ai-framework\dm2231_framework\base\source\gameasset\chef.cpp(102): error C2059: syntax error : 'case'
c:\users\ong\desktop\ai-framework\dm2231_framework\base\source\gameasset\chef.cpp(103): error C2059: syntax error : 'if'
c:\users\ong\desktop\ai-framework\dm2231_framework\base\source\gameasset\chef.cpp(104): error C2143: syntax error : missing ';' before '{'
c:\users\ong\desktop\ai-framework\dm2231_framework\base\source\gameasset\chef.cpp(104): error C2447: '{' : missing function header (old-style formal list?)
c:\users\ong\desktop\ai-framework\dm2231_framework\base\source\gameasset\chef.cpp(107): error C2059: syntax error : 'else'
c:\users\ong\desktop\ai-framework\dm2231_framework\base\source\gameasset\chef.cpp(108): error C2143: syntax error : missing ';' before '{'
c:\users\ong\desktop\ai-framework\dm2231_framework\base\source\gameasset\chef.cpp(108): error C2447: '{' : missing function header (old-style formal list?)
c:\users\ong\desktop\ai-framework\dm2231_framework\base\source\gameasset\chef.cpp(123): error C2059: syntax error : 'break'
c:\users\ong\desktop\ai-framework\dm2231_framework\base\source\gameasset\chef.cpp(124): error C2059: syntax error : 'case'
c:\users\ong\desktop\ai-framework\dm2231_framework\base\source\gameasset\chef.cpp(125): error C2059: syntax error : 'if'
c:\users\ong\desktop\ai-framework\dm2231_framework\base\source\gameasset\chef.cpp(126): error C2143: syntax error : missing ';' before '{'
c:\users\ong\desktop\ai-framework\dm2231_framework\base\source\gameasset\chef.cpp(126): error C2447: '{' : missing function header (old-style formal list?)
c:\users\ong\desktop\ai-framework\dm2231_framework\base\source\gameasset\chef.cpp(129): error C2059: syntax error : 'else'
c:\users\ong\desktop\ai-framework\dm2231_framework\base\source\gameasset\chef.cpp(130): error C2143: syntax error : missing ';' before '{'
c:\users\ong\desktop\ai-framework\dm2231_framework\base\source\gameasset\chef.cpp(130): error C2447: '{' : missing function header (old-style formal list?)
c:\users\ong\desktop\ai-framework\dm2231_framework\base\source\gameasset\chef.cpp(144): error C2059: syntax error : 'break'
c:\users\ong\desktop\ai-framework\dm2231_framework\base\source\gameasset\chef.cpp(145): error C2059: syntax error : '}'
c:\users\ong\desktop\ai-framework\dm2231_framework\base\source\gameasset\chef.cpp(145): error C2143: syntax error : missing ';' before '}'
c:\users\ong\desktop\ai-framework\dm2231_framework\base\source\gameasset\chef.cpp(146): error C2143: syntax error : missing ';' before '}'
c:\users\ong\desktop\ai-framework\dm2231_framework\base\source\gameasset\chef.cpp(146): error C2059: syntax error : '}'
c:\users\ong\desktop\ai-framework\dm2231_framework\base\source\gameasset\chef.cpp(149): error C2143: syntax error : missing ';' before '{'
c:\users\ong\desktop\ai-framework\dm2231_framework\base\source\gameasset\chef.cpp(149): error C2447: '{' : missing function header (old-style formal list?)
  Generating Code...
